---------------------------------------------------------------
[ 2019-04-03T18:07:18+08:00 ] 127.0.0.1 GET inxiang.net/
[运行时间：3.504889s] [吞吐率：0.29req/s] [内存消耗：2,952.34kb] [文件加载：48]
[ info ] [ LANG ] H:\WWW\inx\thinkphp\lang\zh-cn.php
[ info ] [ ROUTE ] array (
  'type' => 'module',
  'module' => 
  array (
    0 => '',
    1 => NULL,
    2 => NULL,
  ),
)
[ info ] [ HEADER ] array (
  'host' => 'inxiang.net',
  'connection' => 'keep-alive',
  'cache-control' => 'max-age=0',
  'upgrade-insecure-requests' => '1',
  'user-agent' => 'Mozilla/5.0 (Windows NT 10.0; WOW64) AppleWebKit/537.36 (KHTML, like Gecko) Chrome/72.0.3626.121 Safari/537.36',
  'accept' => 'text/html,application/xhtml+xml,application/xml;q=0.9,image/webp,image/apng,*/*;q=0.8',
  'accept-encoding' => 'gzip, deflate',
  'accept-language' => 'zh-CN,zh;q=0.9',
  'cookie' => 'name=rcwei28',
)
[ info ] [ PARAM ] array (
)
[ info ] [ RUN ] app\index\controller\Index->index[ H:\WWW\inx\application\index\controller\Index.php ]
[ info ] [ BEHAVIOR ] Run app\behavior\CheckLogin @CheckLogin [ RunTime:0.018947s ]
[ info ] [ DB ] INIT mysql
[ info ] [ VIEW ] H:\WWW\inx\public/../application/index\view\index\index.html [ array (
  0 => 'user',
  1 => 'work',
) ]
[ info ] [ LOG ] INIT File
[ sql ] [ DB ] CONNECT:[ UseTime:0.247830s ] mysql:host=localhost;dbname=inxiang;charset=UTF8MB4
[ sql ] [ SQL ] SHOW COLUMNS FROM `in_user` [ RunTime:0.291524s ]
[ sql ] [ SQL ] SELECT * FROM `in_user` WHERE  `nickname` = 'rcwei28' LIMIT 1 [ RunTime:0.013841s ]
[ sql ] [ SQL ] SHOW COLUMNS FROM `in_gallery` [ RunTime:0.084757s ]
[ sql ] [ SQL ] SELECT * FROM `in_gallery` ORDER BY `upload_time` DESC [ RunTime:0.004087s ]
[ sql ] [ SQL ] SELECT `avatar` FROM `in_user` WHERE  `nickname` = 'rcwei28' LIMIT 1 [ RunTime:0.000903s ]
[ sql ] [ SQL ] SELECT `avatar` FROM `in_user` WHERE  `nickname` = 'rcwei28' LIMIT 1 [ RunTime:0.000708s ]
