---------------------------------------------------------------
[ 2019-04-06T18:45:35+08:00 ] 127.0.0.1 GET inxiang.net/
[运行时间：3.937304s] [吞吐率：0.25req/s] [内存消耗：2,952.15kb] [文件加载：48]
[ info ] [ LANG ] H:\WWW\inx\thinkphp\lang\zh-cn.php
[ info ] [ ROUTE ] array (
  'type' => 'module',
  'module' => 
  array (
    0 => '',
    1 => NULL,
    2 => NULL,
  ),
)
[ info ] [ HEADER ] array (
  'host' => 'inxiang.net',
  'connection' => 'keep-alive',
  'upgrade-insecure-requests' => '1',
  'user-agent' => 'Mozilla/5.0 (Windows NT 10.0; WOW64) AppleWebKit/537.36 (KHTML, like Gecko) Chrome/72.0.3626.121 Safari/537.36',
  'accept' => 'text/html,application/xhtml+xml,application/xml;q=0.9,image/webp,image/apng,*/*;q=0.8',
  'accept-encoding' => 'gzip, deflate',
  'accept-language' => 'zh-CN,zh;q=0.9',
  'cookie' => 'name=rcwei28',
)
[ info ] [ PARAM ] array (
)
[ info ] [ RUN ] app\index\controller\Index->index[ H:\WWW\inx\application\index\controller\Index.php ]
[ info ] [ BEHAVIOR ] Run app\behavior\CheckLogin @CheckLogin [ RunTime:0.036510s ]
[ info ] [ DB ] INIT mysql
[ info ] [ VIEW ] H:\WWW\inx\public/../application/index\view\index\index.html [ array (
  0 => 'user',
  1 => 'work',
) ]
[ info ] [ LOG ] INIT File
[ sql ] [ DB ] CONNECT:[ UseTime:0.116882s ] mysql:host=localhost;dbname=inxiang;charset=UTF8MB4
[ sql ] [ SQL ] SHOW COLUMNS FROM `in_user` [ RunTime:0.295992s ]
[ sql ] [ SQL ] SELECT * FROM `in_user` WHERE  `nickname` = 'rcwei28' LIMIT 1 [ RunTime:0.103801s ]
[ sql ] [ SQL ] SHOW COLUMNS FROM `in_gallery` [ RunTime:0.081737s ]
[ sql ] [ SQL ] SELECT * FROM `in_gallery` ORDER BY `upload_time` DESC [ RunTime:0.000410s ]
[ sql ] [ SQL ] SELECT `avatar` FROM `in_user` WHERE  `nickname` = 'rcwei28' LIMIT 1 [ RunTime:0.002097s ]
[ sql ] [ SQL ] SELECT `avatar` FROM `in_user` WHERE  `nickname` = 'rcwei28' LIMIT 1 [ RunTime:0.002112s ]
---------------------------------------------------------------
[ 2019-04-06T18:45:40+08:00 ] 127.0.0.1 GET inxiang.net/user
[运行时间：0.980253s] [吞吐率：1.02req/s] [内存消耗：2,946.37kb] [文件加载：48]
[ info ] [ LANG ] H:\WWW\inx\thinkphp\lang\zh-cn.php
[ info ] [ ROUTE ] array (
  'type' => 'module',
  'module' => 
  array (
    0 => 'user',
    1 => NULL,
    2 => NULL,
  ),
)
[ info ] [ HEADER ] array (
  'host' => 'inxiang.net',
  'connection' => 'keep-alive',
  'upgrade-insecure-requests' => '1',
  'user-agent' => 'Mozilla/5.0 (Windows NT 10.0; WOW64) AppleWebKit/537.36 (KHTML, like Gecko) Chrome/72.0.3626.121 Safari/537.36',
  'accept' => 'text/html,application/xhtml+xml,application/xml;q=0.9,image/webp,image/apng,*/*;q=0.8',
  'referer' => 'http://inxiang.net/',
  'accept-encoding' => 'gzip, deflate',
  'accept-language' => 'zh-CN,zh;q=0.9',
  'cookie' => 'name=rcwei28',
)
[ info ] [ PARAM ] array (
)
[ info ] [ RUN ] app\user\controller\Index->index[ H:\WWW\inx\application\user\controller\Index.php ]
[ info ] [ BEHAVIOR ] Run app\behavior\CheckLogin @CheckLogin [ RunTime:0.001086s ]
[ info ] [ DB ] INIT mysql
[ info ] [ VIEW ] H:\WWW\inx\public/../application/user\view\index\user.html [ array (
  0 => 'avatar',
  1 => 'saying',
  2 => 'name',
  3 => 'gallery',
) ]
[ info ] [ LOG ] INIT File
[ sql ] [ DB ] CONNECT:[ UseTime:0.010298s ] mysql:host=localhost;dbname=inxiang;charset=UTF8MB4
[ sql ] [ SQL ] SHOW COLUMNS FROM `in_user` [ RunTime:0.023826s ]
[ sql ] [ SQL ] SELECT `avatar` FROM `in_user` WHERE  `nickname` = 'rcwei28' LIMIT 1 [ RunTime:0.000565s ]
[ sql ] [ SQL ] SELECT `saying` FROM `in_user` WHERE  `nickname` = 'rcwei28' LIMIT 1 [ RunTime:0.001916s ]
[ sql ] [ SQL ] SHOW COLUMNS FROM `in_gallery` [ RunTime:0.014122s ]
[ sql ] [ SQL ] SELECT * FROM `in_gallery` WHERE  `author` = 'rcwei28' ORDER BY `upload_time` DESC [ RunTime:0.000604s ]
---------------------------------------------------------------
[ 2019-04-06T18:45:44+08:00 ] 127.0.0.1 GET inxiang.net/user/logout
[运行时间：0.632378s] [吞吐率：1.58req/s] [内存消耗：1,576.26kb] [文件加载：37]
[ info ] [ LANG ] H:\WWW\inx\thinkphp\lang\zh-cn.php
[ info ] [ ROUTE ] array (
  'type' => 'module',
  'module' => 
  array (
    0 => 'user',
    1 => 'logout',
    2 => NULL,
  ),
)
[ info ] [ HEADER ] array (
  'host' => 'inxiang.net',
  'connection' => 'keep-alive',
  'upgrade-insecure-requests' => '1',
  'user-agent' => 'Mozilla/5.0 (Windows NT 10.0; WOW64) AppleWebKit/537.36 (KHTML, like Gecko) Chrome/72.0.3626.121 Safari/537.36',
  'accept' => 'text/html,application/xhtml+xml,application/xml;q=0.9,image/webp,image/apng,*/*;q=0.8',
  'referer' => 'http://inxiang.net/user',
  'accept-encoding' => 'gzip, deflate',
  'accept-language' => 'zh-CN,zh;q=0.9',
  'cookie' => 'name=rcwei28',
)
[ info ] [ PARAM ] array (
)
[ info ] [ RUN ] app\user\controller\Logout->index[ H:\WWW\inx\application\user\controller\Logout.php ]
[ info ] [ SESSION ] INIT array (
  'id' => '',
  'var_session_id' => '',
  'prefix' => 'think',
  'type' => '',
  'auto_start' => true,
)
[ info ] [ VIEW ] H:\WWW\inx\thinkphp\tpl\dispatch_jump.tpl [ array (
  0 => 'code',
  1 => 'msg',
  2 => 'data',
  3 => 'url',
  4 => 'wait',
) ]
[ info ] [ LOG ] INIT File
---------------------------------------------------------------
[ 2019-04-06T18:45:47+08:00 ] 127.0.0.1 GET inxiang.net/
[运行时间：0.089666s] [吞吐率：11.15req/s] [内存消耗：1,572.97kb] [文件加载：38]
[ info ] [ LANG ] H:\WWW\inx\thinkphp\lang\zh-cn.php
[ info ] [ ROUTE ] array (
  'type' => 'module',
  'module' => 
  array (
    0 => '',
    1 => NULL,
    2 => NULL,
  ),
)
[ info ] [ HEADER ] array (
  'host' => 'inxiang.net',
  'connection' => 'keep-alive',
  'upgrade-insecure-requests' => '1',
  'user-agent' => 'Mozilla/5.0 (Windows NT 10.0; WOW64) AppleWebKit/537.36 (KHTML, like Gecko) Chrome/72.0.3626.121 Safari/537.36',
  'accept' => 'text/html,application/xhtml+xml,application/xml;q=0.9,image/webp,image/apng,*/*;q=0.8',
  'referer' => 'http://inxiang.net/user/logout',
  'accept-encoding' => 'gzip, deflate',
  'accept-language' => 'zh-CN,zh;q=0.9',
  'cookie' => 'PHPSESSID=06vhajm00iducvfba2amsir7c7',
)
[ info ] [ PARAM ] array (
)
[ info ] [ RUN ] app\index\controller\Index->index[ H:\WWW\inx\application\index\controller\Index.php ]
[ info ] [ LOG ] INIT File
---------------------------------------------------------------
[ 2019-04-06T18:45:48+08:00 ] 127.0.0.1 GET inxiang.net/register
[运行时间：0.370671s] [吞吐率：2.70req/s] [内存消耗：1,486.68kb] [文件加载：34]
[ info ] [ LANG ] H:\WWW\inx\thinkphp\lang\zh-cn.php
[ info ] [ ROUTE ] array (
  'type' => 'module',
  'module' => 
  array (
    0 => 'register',
    1 => NULL,
    2 => NULL,
  ),
)
[ info ] [ HEADER ] array (
  'host' => 'inxiang.net',
  'connection' => 'keep-alive',
  'upgrade-insecure-requests' => '1',
  'user-agent' => 'Mozilla/5.0 (Windows NT 10.0; WOW64) AppleWebKit/537.36 (KHTML, like Gecko) Chrome/72.0.3626.121 Safari/537.36',
  'accept' => 'text/html,application/xhtml+xml,application/xml;q=0.9,image/webp,image/apng,*/*;q=0.8',
  'referer' => 'http://inxiang.net/user/logout',
  'accept-encoding' => 'gzip, deflate',
  'accept-language' => 'zh-CN,zh;q=0.9',
  'cookie' => 'PHPSESSID=06vhajm00iducvfba2amsir7c7',
)
[ info ] [ PARAM ] array (
)
[ info ] [ RUN ] app\register\controller\Index->index[ H:\WWW\inx\application\register\controller\Index.php ]
[ info ] [ VIEW ] H:\WWW\inx\public/../application/register\view\index\reg.html [ array (
) ]
[ info ] [ LOG ] INIT File
---------------------------------------------------------------
[ 2019-04-06T18:45:49+08:00 ] 127.0.0.1 GET inxiang.net/login
[运行时间：0.052207s] [吞吐率：19.15req/s] [内存消耗：1,486.62kb] [文件加载：34]
[ info ] [ LANG ] H:\WWW\inx\thinkphp\lang\zh-cn.php
[ info ] [ ROUTE ] array (
  'type' => 'module',
  'module' => 
  array (
    0 => 'login',
    1 => NULL,
    2 => NULL,
  ),
)
[ info ] [ HEADER ] array (
  'host' => 'inxiang.net',
  'connection' => 'keep-alive',
  'upgrade-insecure-requests' => '1',
  'user-agent' => 'Mozilla/5.0 (Windows NT 10.0; WOW64) AppleWebKit/537.36 (KHTML, like Gecko) Chrome/72.0.3626.121 Safari/537.36',
  'accept' => 'text/html,application/xhtml+xml,application/xml;q=0.9,image/webp,image/apng,*/*;q=0.8',
  'referer' => 'http://inxiang.net/register',
  'accept-encoding' => 'gzip, deflate',
  'accept-language' => 'zh-CN,zh;q=0.9',
  'cookie' => 'PHPSESSID=06vhajm00iducvfba2amsir7c7',
)
[ info ] [ PARAM ] array (
)
[ info ] [ RUN ] app\login\controller\Index->Index[ H:\WWW\inx\application\login\controller\Index.php ]
[ info ] [ VIEW ] H:\WWW\inx\public/../application/login\view\index\login.html [ array (
) ]
[ info ] [ LOG ] INIT File
---------------------------------------------------------------
[ 2019-04-06T18:46:00+08:00 ] 127.0.0.1 POST inxiang.net/login/post
[运行时间：0.508829s] [吞吐率：1.97req/s] [内存消耗：2,893.77kb] [文件加载：46]
[ info ] [ LANG ] H:\WWW\inx\thinkphp\lang\zh-cn.php
[ info ] [ ROUTE ] array (
  'type' => 'module',
  'module' => 
  array (
    0 => 'login',
    1 => 'post',
    2 => NULL,
  ),
)
[ info ] [ HEADER ] array (
  'host' => 'inxiang.net',
  'connection' => 'keep-alive',
  'content-length' => '40',
  'cache-control' => 'max-age=0',
  'origin' => 'http://inxiang.net',
  'upgrade-insecure-requests' => '1',
  'content-type' => 'application/x-www-form-urlencoded',
  'user-agent' => 'Mozilla/5.0 (Windows NT 10.0; WOW64) AppleWebKit/537.36 (KHTML, like Gecko) Chrome/72.0.3626.121 Safari/537.36',
  'accept' => 'text/html,application/xhtml+xml,application/xml;q=0.9,image/webp,image/apng,*/*;q=0.8',
  'referer' => 'http://inxiang.net/login',
  'accept-encoding' => 'gzip, deflate',
  'accept-language' => 'zh-CN,zh;q=0.9',
  'cookie' => 'PHPSESSID=06vhajm00iducvfba2amsir7c7',
)
[ info ] [ PARAM ] array (
  'email' => 'rcwei44@qq.com',
  'password' => 'soda1228',
)
[ info ] [ RUN ] app\login\controller\Post->index[ H:\WWW\inx\application\login\controller\Post.php ]
[ info ] [ DB ] INIT mysql
[ info ] [ SESSION ] INIT array (
  'id' => '',
  'var_session_id' => '',
  'prefix' => 'think',
  'type' => '',
  'auto_start' => true,
)
[ info ] [ VIEW ] H:\WWW\inx\thinkphp\tpl\dispatch_jump.tpl [ array (
  0 => 'code',
  1 => 'msg',
  2 => 'data',
  3 => 'url',
  4 => 'wait',
) ]
[ info ] [ LOG ] INIT File
[ sql ] [ DB ] CONNECT:[ UseTime:0.013168s ] mysql:host=localhost;dbname=inxiang;charset=UTF8MB4
[ sql ] [ SQL ] SHOW COLUMNS FROM `in_user` [ RunTime:0.178620s ]
[ sql ] [ SQL ] SELECT `is_active` FROM `in_user` WHERE  `email` = 'rcwei44@qq.com' LIMIT 1 [ RunTime:0.000562s ]
[ sql ] [ SQL ] SELECT `nickname` FROM `in_user` WHERE  `email` = 'rcwei44@qq.com' LIMIT 1 [ RunTime:0.000636s ]
[ sql ] [ SQL ] SELECT `password` FROM `in_user` WHERE  `email` = 'rcwei44@qq.com' LIMIT 1 [ RunTime:0.001044s ]
---------------------------------------------------------------
[ 2019-04-06T18:46:04+08:00 ] 127.0.0.1 GET inxiang.net/
[运行时间：0.083429s] [吞吐率：11.99req/s] [内存消耗：2,952.64kb] [文件加载：48]
[ info ] [ LANG ] H:\WWW\inx\thinkphp\lang\zh-cn.php
[ info ] [ ROUTE ] array (
  'type' => 'module',
  'module' => 
  array (
    0 => '',
    1 => NULL,
    2 => NULL,
  ),
)
[ info ] [ HEADER ] array (
  'host' => 'inxiang.net',
  'connection' => 'keep-alive',
  'upgrade-insecure-requests' => '1',
  'user-agent' => 'Mozilla/5.0 (Windows NT 10.0; WOW64) AppleWebKit/537.36 (KHTML, like Gecko) Chrome/72.0.3626.121 Safari/537.36',
  'accept' => 'text/html,application/xhtml+xml,application/xml;q=0.9,image/webp,image/apng,*/*;q=0.8',
  'referer' => 'http://inxiang.net/login/post',
  'accept-encoding' => 'gzip, deflate',
  'accept-language' => 'zh-CN,zh;q=0.9',
  'cookie' => 'PHPSESSID=06vhajm00iducvfba2amsir7c7; name=rcwei28',
)
[ info ] [ PARAM ] array (
)
[ info ] [ RUN ] app\index\controller\Index->index[ H:\WWW\inx\application\index\controller\Index.php ]
[ info ] [ BEHAVIOR ] Run app\behavior\CheckLogin @CheckLogin [ RunTime:0.000819s ]
[ info ] [ DB ] INIT mysql
[ info ] [ VIEW ] H:\WWW\inx\public/../application/index\view\index\index.html [ array (
  0 => 'user',
  1 => 'work',
) ]
[ info ] [ LOG ] INIT File
[ sql ] [ DB ] CONNECT:[ UseTime:0.002144s ] mysql:host=localhost;dbname=inxiang;charset=UTF8MB4
[ sql ] [ SQL ] SHOW COLUMNS FROM `in_user` [ RunTime:0.019637s ]
[ sql ] [ SQL ] SELECT * FROM `in_user` WHERE  `nickname` = 'rcwei28' LIMIT 1 [ RunTime:0.000436s ]
[ sql ] [ SQL ] SHOW COLUMNS FROM `in_gallery` [ RunTime:0.014098s ]
[ sql ] [ SQL ] SELECT * FROM `in_gallery` ORDER BY `upload_time` DESC [ RunTime:0.000437s ]
[ sql ] [ SQL ] SELECT `avatar` FROM `in_user` WHERE  `nickname` = 'rcwei28' LIMIT 1 [ RunTime:0.000306s ]
[ sql ] [ SQL ] SELECT `avatar` FROM `in_user` WHERE  `nickname` = 'rcwei28' LIMIT 1 [ RunTime:0.000235s ]
---------------------------------------------------------------
[ 2019-04-06T18:46:07+08:00 ] 127.0.0.1 GET inxiang.net/user
[运行时间：0.095850s] [吞吐率：10.43req/s] [内存消耗：2,946.63kb] [文件加载：48]
[ info ] [ LANG ] H:\WWW\inx\thinkphp\lang\zh-cn.php
[ info ] [ ROUTE ] array (
  'type' => 'module',
  'module' => 
  array (
    0 => 'user',
    1 => NULL,
    2 => NULL,
  ),
)
[ info ] [ HEADER ] array (
  'host' => 'inxiang.net',
  'connection' => 'keep-alive',
  'upgrade-insecure-requests' => '1',
  'user-agent' => 'Mozilla/5.0 (Windows NT 10.0; WOW64) AppleWebKit/537.36 (KHTML, like Gecko) Chrome/72.0.3626.121 Safari/537.36',
  'accept' => 'text/html,application/xhtml+xml,application/xml;q=0.9,image/webp,image/apng,*/*;q=0.8',
  'referer' => 'http://inxiang.net/',
  'accept-encoding' => 'gzip, deflate',
  'accept-language' => 'zh-CN,zh;q=0.9',
  'cookie' => 'PHPSESSID=06vhajm00iducvfba2amsir7c7; name=rcwei28',
)
[ info ] [ PARAM ] array (
)
[ info ] [ RUN ] app\user\controller\Index->index[ H:\WWW\inx\application\user\controller\Index.php ]
[ info ] [ BEHAVIOR ] Run app\behavior\CheckLogin @CheckLogin [ RunTime:0.000813s ]
[ info ] [ DB ] INIT mysql
[ info ] [ VIEW ] H:\WWW\inx\public/../application/user\view\index\user.html [ array (
  0 => 'avatar',
  1 => 'saying',
  2 => 'name',
  3 => 'gallery',
) ]
[ info ] [ LOG ] INIT File
[ sql ] [ DB ] CONNECT:[ UseTime:0.011462s ] mysql:host=localhost;dbname=inxiang;charset=UTF8MB4
[ sql ] [ SQL ] SHOW COLUMNS FROM `in_user` [ RunTime:0.017901s ]
[ sql ] [ SQL ] SELECT `avatar` FROM `in_user` WHERE  `nickname` = 'rcwei28' LIMIT 1 [ RunTime:0.000465s ]
[ sql ] [ SQL ] SELECT `saying` FROM `in_user` WHERE  `nickname` = 'rcwei28' LIMIT 1 [ RunTime:0.000359s ]
[ sql ] [ SQL ] SHOW COLUMNS FROM `in_gallery` [ RunTime:0.013475s ]
[ sql ] [ SQL ] SELECT * FROM `in_gallery` WHERE  `author` = 'rcwei28' ORDER BY `upload_time` DESC [ RunTime:0.000521s ]
