---------------------------------------------------------------
[ 2019-04-08T08:28:58+08:00 ] 127.0.0.1 GET inxiang.net/
[运行时间：14.306871s] [吞吐率：0.07req/s] [内存消耗：1,572.32kb] [文件加载：38]
[ info ] [ LANG ] H:\WWW\inx\thinkphp\lang\zh-cn.php
[ info ] [ ROUTE ] array (
  'type' => 'module',
  'module' => 
  array (
    0 => '',
    1 => NULL,
    2 => NULL,
  ),
)
[ info ] [ HEADER ] array (
  'host' => 'inxiang.net',
  'connection' => 'keep-alive',
  'upgrade-insecure-requests' => '1',
  'user-agent' => 'Mozilla/5.0 (Windows NT 10.0; WOW64) AppleWebKit/537.36 (KHTML, like Gecko) Chrome/72.0.3626.121 Safari/537.36',
  'accept' => 'text/html,application/xhtml+xml,application/xml;q=0.9,image/webp,image/apng,*/*;q=0.8',
  'accept-encoding' => 'gzip, deflate',
  'accept-language' => 'zh-CN,zh;q=0.9',
)
[ info ] [ PARAM ] array (
)
[ info ] [ RUN ] app\index\controller\Index->index[ H:\WWW\inx\application\index\controller\Index.php ]
[ info ] [ LOG ] INIT File
---------------------------------------------------------------
[ 2019-04-08T08:29:06+08:00 ] 127.0.0.1 GET inxiang.net/register
[运行时间：4.695379s] [吞吐率：0.21req/s] [内存消耗：1,486.09kb] [文件加载：34]
[ info ] [ LANG ] H:\WWW\inx\thinkphp\lang\zh-cn.php
[ info ] [ ROUTE ] array (
  'type' => 'module',
  'module' => 
  array (
    0 => 'register',
    1 => NULL,
    2 => NULL,
  ),
)
[ info ] [ HEADER ] array (
  'host' => 'inxiang.net',
  'connection' => 'keep-alive',
  'upgrade-insecure-requests' => '1',
  'user-agent' => 'Mozilla/5.0 (Windows NT 10.0; WOW64) AppleWebKit/537.36 (KHTML, like Gecko) Chrome/72.0.3626.121 Safari/537.36',
  'accept' => 'text/html,application/xhtml+xml,application/xml;q=0.9,image/webp,image/apng,*/*;q=0.8',
  'accept-encoding' => 'gzip, deflate',
  'accept-language' => 'zh-CN,zh;q=0.9',
)
[ info ] [ PARAM ] array (
)
[ info ] [ RUN ] app\register\controller\Index->index[ H:\WWW\inx\application\register\controller\Index.php ]
[ info ] [ VIEW ] H:\WWW\inx\public/../application/register\view\index\reg.html [ array (
) ]
[ info ] [ LOG ] INIT File
---------------------------------------------------------------
[ 2019-04-08T08:30:02+08:00 ] 127.0.0.1 GET inxiang.net/login
[运行时间：1.858750s] [吞吐率：0.54req/s] [内存消耗：1,486.25kb] [文件加载：34]
[ info ] [ LANG ] H:\WWW\inx\thinkphp\lang\zh-cn.php
[ info ] [ ROUTE ] array (
  'type' => 'module',
  'module' => 
  array (
    0 => 'login',
    1 => NULL,
    2 => NULL,
  ),
)
[ info ] [ HEADER ] array (
  'host' => 'inxiang.net',
  'connection' => 'keep-alive',
  'upgrade-insecure-requests' => '1',
  'user-agent' => 'Mozilla/5.0 (Windows NT 10.0; WOW64) AppleWebKit/537.36 (KHTML, like Gecko) Chrome/72.0.3626.121 Safari/537.36',
  'accept' => 'text/html,application/xhtml+xml,application/xml;q=0.9,image/webp,image/apng,*/*;q=0.8',
  'referer' => 'http://inxiang.net/register',
  'accept-encoding' => 'gzip, deflate',
  'accept-language' => 'zh-CN,zh;q=0.9',
)
[ info ] [ PARAM ] array (
)
[ info ] [ RUN ] app\login\controller\Index->Index[ H:\WWW\inx\application\login\controller\Index.php ]
[ info ] [ VIEW ] H:\WWW\inx\public/../application/login\view\index\login.html [ array (
) ]
[ info ] [ LOG ] INIT File
