---------------------------------------------------------------
[ 2019-03-13T18:08:37+08:00 ] 127.0.0.1 GET inxiang.net/
[运行时间：0.119752s] [吞吐率：8.35req/s] [内存消耗：3,307.91kb] [文件加载：54]
[ info ] [ LANG ] H:\WWW\inx\thinkphp\lang\zh-cn.php
[ info ] [ ROUTE ] array (
  'type' => 'module',
  'module' => 
  array (
    0 => '',
    1 => NULL,
    2 => NULL,
  ),
)
[ info ] [ HEADER ] array (
  'host' => 'inxiang.net',
  'connection' => 'keep-alive',
  'upgrade-insecure-requests' => '1',
  'user-agent' => 'Mozilla/5.0 (Windows NT 10.0; WOW64) AppleWebKit/537.36 (KHTML, like Gecko) Chrome/71.0.3578.98 Safari/537.36',
  'accept' => 'text/html,application/xhtml+xml,application/xml;q=0.9,image/webp,image/apng,*/*;q=0.8',
  'referer' => 'http://inxiang.net/index/post',
  'accept-encoding' => 'gzip, deflate',
  'accept-language' => 'zh-CN,zh;q=0.9',
  'cookie' => 'name=rcwei28',
)
[ info ] [ PARAM ] array (
)
[ info ] [ RUN ] app\index\controller\Index->index[ H:\WWW\inx\application\index\controller\Index.php ]
[ info ] [ BEHAVIOR ] Run app\login\behavior\CheckLogin @CheckLogin [ RunTime:0.001034s ]
[ info ] [ DB ] INIT mysql
[ info ] [ VIEW ] H:\WWW\inx\public/../application/index\view\index\index.html [ array (
  0 => 'avatar',
  1 => 'saying',
  2 => 'name',
  3 => 'gallery',
  4 => 'atrAvatar',
) ]
[ info ] [ LOG ] INIT File
[ sql ] [ DB ] CONNECT:[ UseTime:0.010924s ] mysql:host=localhost;dbname=inxiang;charset=UTF8MB4
[ sql ] [ SQL ] SHOW COLUMNS FROM `in_user` [ RunTime:0.014723s ]
[ sql ] [ SQL ] SELECT `avatar` FROM `in_user` WHERE  `nickname` = 'rcwei28' LIMIT 1 [ RunTime:0.000546s ]
[ sql ] [ SQL ] SELECT `saying` FROM `in_user` WHERE  `nickname` = 'rcwei28' LIMIT 1 [ RunTime:0.001312s ]
[ sql ] [ SQL ] SHOW COLUMNS FROM `in_gallery` [ RunTime:0.011250s ]
[ sql ] [ SQL ] SELECT * FROM `in_gallery` ORDER BY `upload_time` DESC [ RunTime:0.000534s ]
---------------------------------------------------------------
[ 2019-03-13T18:08:38+08:00 ] 192.168.100.254 GET inxiang.net/index
[运行时间：0.116024s] [吞吐率：8.62req/s] [内存消耗：3,308.30kb] [文件加载：54]
[ info ] [ LANG ] H:\WWW\inx\thinkphp\lang\zh-cn.php
[ info ] [ ROUTE ] array (
  'type' => 'module',
  'module' => 
  array (
    0 => 'index',
    1 => NULL,
    2 => NULL,
  ),
)
[ info ] [ HEADER ] array (
  'host' => 'inxiang.net',
  'connection' => 'keep-alive',
  'cache-control' => 'max-age=0',
  'upgrade-insecure-requests' => '1',
  'user-agent' => 'Mozilla/5.0 (Windows NT 6.1; Win64; x64) AppleWebKit/537.36 (KHTML, like Gecko) Chrome/73.0.3683.75 Safari/537.36',
  'accept' => 'text/html,application/xhtml+xml,application/xml;q=0.9,image/webp,image/apng,*/*;q=0.8,application/signed-exchange;v=b3',
  'referer' => 'http://inxiang.net/user',
  'accept-encoding' => 'gzip, deflate',
  'accept-language' => 'zh-CN,zh;q=0.9',
  'cookie' => 'name=rcwei',
)
[ info ] [ PARAM ] array (
)
[ info ] [ RUN ] app\index\controller\Index->index[ H:\WWW\inx\application\index\controller\Index.php ]
[ info ] [ BEHAVIOR ] Run app\login\behavior\CheckLogin @CheckLogin [ RunTime:0.001028s ]
[ info ] [ DB ] INIT mysql
[ info ] [ VIEW ] H:\WWW\inx\public/../application/index\view\index\index.html [ array (
  0 => 'avatar',
  1 => 'saying',
  2 => 'name',
  3 => 'gallery',
  4 => 'atrAvatar',
) ]
[ info ] [ LOG ] INIT File
[ sql ] [ DB ] CONNECT:[ UseTime:0.011004s ] mysql:host=localhost;dbname=inxiang;charset=UTF8MB4
[ sql ] [ SQL ] SHOW COLUMNS FROM `in_user` [ RunTime:0.013219s ]
[ sql ] [ SQL ] SELECT `avatar` FROM `in_user` WHERE  `nickname` = 'rcwei' LIMIT 1 [ RunTime:0.000531s ]
[ sql ] [ SQL ] SELECT `saying` FROM `in_user` WHERE  `nickname` = 'rcwei' LIMIT 1 [ RunTime:0.000438s ]
[ sql ] [ SQL ] SHOW COLUMNS FROM `in_gallery` [ RunTime:0.010382s ]
[ sql ] [ SQL ] SELECT * FROM `in_gallery` ORDER BY `upload_time` DESC [ RunTime:0.000545s ]
---------------------------------------------------------------
[ 2019-03-13T18:10:20+08:00 ] 127.0.0.1 GET inxiang.net/
[运行时间：0.100251s] [吞吐率：9.97req/s] [内存消耗：3,307.77kb] [文件加载：54]
[ info ] [ LANG ] H:\WWW\inx\thinkphp\lang\zh-cn.php
[ info ] [ ROUTE ] array (
  'type' => 'module',
  'module' => 
  array (
    0 => '',
    1 => NULL,
    2 => NULL,
  ),
)
[ info ] [ HEADER ] array (
  'host' => 'inxiang.net',
  'connection' => 'keep-alive',
  'purpose' => 'prefetch',
  'upgrade-insecure-requests' => '1',
  'user-agent' => 'Mozilla/5.0 (Windows NT 10.0; WOW64) AppleWebKit/537.36 (KHTML, like Gecko) Chrome/71.0.3578.98 Safari/537.36',
  'accept' => 'text/html,application/xhtml+xml,application/xml;q=0.9,image/webp,image/apng,*/*;q=0.8',
  'accept-encoding' => 'gzip, deflate',
  'accept-language' => 'zh-CN,zh;q=0.9',
  'cookie' => 'name=rcwei28',
)
[ info ] [ PARAM ] array (
)
[ info ] [ RUN ] app\index\controller\Index->index[ H:\WWW\inx\application\index\controller\Index.php ]
[ info ] [ BEHAVIOR ] Run app\login\behavior\CheckLogin @CheckLogin [ RunTime:0.001075s ]
[ info ] [ DB ] INIT mysql
[ info ] [ VIEW ] H:\WWW\inx\public/../application/index\view\index\index.html [ array (
  0 => 'avatar',
  1 => 'saying',
  2 => 'name',
  3 => 'gallery',
  4 => 'atrAvatar',
) ]
[ info ] [ LOG ] INIT File
[ sql ] [ DB ] CONNECT:[ UseTime:0.001483s ] mysql:host=localhost;dbname=inxiang;charset=UTF8MB4
[ sql ] [ SQL ] SHOW COLUMNS FROM `in_user` [ RunTime:0.018146s ]
[ sql ] [ SQL ] SELECT `avatar` FROM `in_user` WHERE  `nickname` = 'rcwei28' LIMIT 1 [ RunTime:0.000505s ]
[ sql ] [ SQL ] SELECT `saying` FROM `in_user` WHERE  `nickname` = 'rcwei28' LIMIT 1 [ RunTime:0.000388s ]
[ sql ] [ SQL ] SHOW COLUMNS FROM `in_gallery` [ RunTime:0.013302s ]
[ sql ] [ SQL ] SELECT * FROM `in_gallery` ORDER BY `upload_time` DESC [ RunTime:0.000533s ]
---------------------------------------------------------------
[ 2019-03-13T18:26:15+08:00 ] 127.0.0.1 GET inxiang.net/user
[运行时间：1.202784s] [吞吐率：0.83req/s] [内存消耗：3,305.39kb] [文件加载：54]
[ info ] [ LANG ] H:\WWW\inx\thinkphp\lang\zh-cn.php
[ info ] [ ROUTE ] array (
  'type' => 'module',
  'module' => 
  array (
    0 => 'user',
    1 => NULL,
    2 => NULL,
  ),
)
[ info ] [ HEADER ] array (
  'host' => 'inxiang.net',
  'connection' => 'keep-alive',
  'upgrade-insecure-requests' => '1',
  'user-agent' => 'Mozilla/5.0 (Windows NT 10.0; WOW64) AppleWebKit/537.36 (KHTML, like Gecko) Chrome/71.0.3578.98 Safari/537.36',
  'accept' => 'text/html,application/xhtml+xml,application/xml;q=0.9,image/webp,image/apng,*/*;q=0.8',
  'referer' => 'http://inxiang.net/',
  'accept-encoding' => 'gzip, deflate',
  'accept-language' => 'zh-CN,zh;q=0.9',
  'cookie' => 'name=rcwei28',
)
[ info ] [ PARAM ] array (
)
[ info ] [ RUN ] app\user\controller\Index->index[ H:\WWW\inx\application\user\controller\Index.php ]
[ info ] [ BEHAVIOR ] Run app\login\behavior\CheckLogin @CheckLogin [ RunTime:0.002517s ]
[ info ] [ DB ] INIT mysql
[ info ] [ VIEW ] H:\WWW\inx\public/../application/user\view\index\user.html [ array (
  0 => 'avatar',
  1 => 'saying',
  2 => 'name',
  3 => 'gallery',
) ]
[ info ] [ LOG ] INIT File
[ sql ] [ DB ] CONNECT:[ UseTime:0.036913s ] mysql:host=localhost;dbname=inxiang;charset=UTF8MB4
[ sql ] [ SQL ] SHOW COLUMNS FROM `in_user` [ RunTime:0.108625s ]
[ sql ] [ SQL ] SELECT `avatar` FROM `in_user` WHERE  `nickname` = 'rcwei28' LIMIT 1 [ RunTime:0.001574s ]
[ sql ] [ SQL ] SELECT `saying` FROM `in_user` WHERE  `nickname` = 'rcwei28' LIMIT 1 [ RunTime:0.000464s ]
[ sql ] [ SQL ] SHOW COLUMNS FROM `in_gallery` [ RunTime:0.013090s ]
[ sql ] [ SQL ] SELECT * FROM `in_gallery` WHERE  `author` = 'rcwei28' ORDER BY `upload_time` DESC [ RunTime:0.000657s ]
---------------------------------------------------------------
[ 2019-03-13T18:26:26+08:00 ] 127.0.0.1 GET inxiang.net/user/detail?id=5
[运行时间：0.147116s] [吞吐率：6.80req/s] [内存消耗：3,300.97kb] [文件加载：53]
[ info ] [ LANG ] H:\WWW\inx\thinkphp\lang\zh-cn.php
[ info ] [ ROUTE ] array (
  'type' => 'module',
  'module' => 
  array (
    0 => 'user',
    1 => 'detail',
    2 => NULL,
  ),
)
[ info ] [ HEADER ] array (
  'host' => 'inxiang.net',
  'connection' => 'keep-alive',
  'upgrade-insecure-requests' => '1',
  'user-agent' => 'Mozilla/5.0 (Windows NT 10.0; WOW64) AppleWebKit/537.36 (KHTML, like Gecko) Chrome/71.0.3578.98 Safari/537.36',
  'accept' => 'text/html,application/xhtml+xml,application/xml;q=0.9,image/webp,image/apng,*/*;q=0.8',
  'referer' => 'http://inxiang.net/user',
  'accept-encoding' => 'gzip, deflate',
  'accept-language' => 'zh-CN,zh;q=0.9',
  'cookie' => 'name=rcwei28',
)
[ info ] [ PARAM ] array (
  'id' => '5',
)
[ info ] [ RUN ] app\user\controller\Detail->index[ H:\WWW\inx\application\user\controller\Detail.php ]
[ info ] [ DB ] INIT mysql
[ info ] [ VIEW ] H:\WWW\inx\public/../application/user\view\detail\detail.html [ array (
  0 => 'avatar',
  1 => 'name',
  2 => 'item',
) ]
[ info ] [ LOG ] INIT File
[ sql ] [ DB ] CONNECT:[ UseTime:0.011864s ] mysql:host=localhost;dbname=inxiang;charset=UTF8MB4
[ sql ] [ SQL ] SHOW COLUMNS FROM `in_gallery` [ RunTime:0.016874s ]
[ sql ] [ SQL ] SELECT * FROM `in_gallery` WHERE  `id` = 5 LIMIT 1 [ RunTime:0.001440s ]
[ sql ] [ SQL ] SHOW COLUMNS FROM `in_user` [ RunTime:0.013665s ]
[ sql ] [ SQL ] SELECT `avatar` FROM `in_user` WHERE  `nickname` = 'rcwei28' LIMIT 1 [ RunTime:0.000533s ]
---------------------------------------------------------------
[ 2019-03-13T18:50:40+08:00 ] 127.0.0.1 GET inxiang.net/
[运行时间：1.244197s] [吞吐率：0.80req/s] [内存消耗：3,307.72kb] [文件加载：54]
[ info ] [ LANG ] H:\WWW\inx\thinkphp\lang\zh-cn.php
[ info ] [ ROUTE ] array (
  'type' => 'module',
  'module' => 
  array (
    0 => '',
    1 => NULL,
    2 => NULL,
  ),
)
[ info ] [ HEADER ] array (
  'host' => 'inxiang.net',
  'connection' => 'keep-alive',
  'purpose' => 'prefetch',
  'upgrade-insecure-requests' => '1',
  'user-agent' => 'Mozilla/5.0 (Windows NT 10.0; WOW64) AppleWebKit/537.36 (KHTML, like Gecko) Chrome/71.0.3578.98 Safari/537.36',
  'accept' => 'text/html,application/xhtml+xml,application/xml;q=0.9,image/webp,image/apng,*/*;q=0.8',
  'accept-encoding' => 'gzip, deflate',
  'accept-language' => 'zh-CN,zh;q=0.9',
  'cookie' => 'name=rcwei28',
)
[ info ] [ PARAM ] array (
)
[ info ] [ RUN ] app\index\controller\Index->index[ H:\WWW\inx\application\index\controller\Index.php ]
[ info ] [ BEHAVIOR ] Run app\login\behavior\CheckLogin @CheckLogin [ RunTime:0.003339s ]
[ info ] [ DB ] INIT mysql
[ info ] [ VIEW ] H:\WWW\inx\public/../application/index\view\index\index.html [ array (
  0 => 'avatar',
  1 => 'saying',
  2 => 'name',
  3 => 'gallery',
  4 => 'atrAvatar',
) ]
[ info ] [ LOG ] INIT File
[ sql ] [ DB ] CONNECT:[ UseTime:0.060336s ] mysql:host=localhost;dbname=inxiang;charset=UTF8MB4
[ sql ] [ SQL ] SHOW COLUMNS FROM `in_user` [ RunTime:0.065138s ]
[ sql ] [ SQL ] SELECT `avatar` FROM `in_user` WHERE  `nickname` = 'rcwei28' LIMIT 1 [ RunTime:0.001520s ]
[ sql ] [ SQL ] SELECT `saying` FROM `in_user` WHERE  `nickname` = 'rcwei28' LIMIT 1 [ RunTime:0.000666s ]
[ sql ] [ SQL ] SHOW COLUMNS FROM `in_gallery` [ RunTime:0.053044s ]
[ sql ] [ SQL ] SELECT * FROM `in_gallery` ORDER BY `upload_time` DESC [ RunTime:0.000569s ]
---------------------------------------------------------------
[ 2019-03-13T18:53:02+08:00 ] 127.0.0.1 GET inxiang.net/
[运行时间：0.290147s] [吞吐率：3.45req/s] [内存消耗：3,307.72kb] [文件加载：54]
[ info ] [ LANG ] H:\WWW\inx\thinkphp\lang\zh-cn.php
[ info ] [ ROUTE ] array (
  'type' => 'module',
  'module' => 
  array (
    0 => '',
    1 => NULL,
    2 => NULL,
  ),
)
[ info ] [ HEADER ] array (
  'host' => 'inxiang.net',
  'connection' => 'keep-alive',
  'purpose' => 'prefetch',
  'upgrade-insecure-requests' => '1',
  'user-agent' => 'Mozilla/5.0 (Windows NT 10.0; WOW64) AppleWebKit/537.36 (KHTML, like Gecko) Chrome/71.0.3578.98 Safari/537.36',
  'accept' => 'text/html,application/xhtml+xml,application/xml;q=0.9,image/webp,image/apng,*/*;q=0.8',
  'accept-encoding' => 'gzip, deflate',
  'accept-language' => 'zh-CN,zh;q=0.9',
  'cookie' => 'name=rcwei28',
)
[ info ] [ PARAM ] array (
)
[ info ] [ RUN ] app\index\controller\Index->index[ H:\WWW\inx\application\index\controller\Index.php ]
[ info ] [ BEHAVIOR ] Run app\login\behavior\CheckLogin @CheckLogin [ RunTime:0.001059s ]
[ info ] [ DB ] INIT mysql
[ info ] [ VIEW ] H:\WWW\inx\public/../application/index\view\index\index.html [ array (
  0 => 'avatar',
  1 => 'saying',
  2 => 'name',
  3 => 'gallery',
  4 => 'atrAvatar',
) ]
[ info ] [ LOG ] INIT File
[ sql ] [ DB ] CONNECT:[ UseTime:0.010997s ] mysql:host=localhost;dbname=inxiang;charset=UTF8MB4
[ sql ] [ SQL ] SHOW COLUMNS FROM `in_user` [ RunTime:0.018881s ]
[ sql ] [ SQL ] SELECT `avatar` FROM `in_user` WHERE  `nickname` = 'rcwei28' LIMIT 1 [ RunTime:0.000587s ]
[ sql ] [ SQL ] SELECT `saying` FROM `in_user` WHERE  `nickname` = 'rcwei28' LIMIT 1 [ RunTime:0.001108s ]
[ sql ] [ SQL ] SHOW COLUMNS FROM `in_gallery` [ RunTime:0.128718s ]
[ sql ] [ SQL ] SELECT * FROM `in_gallery` ORDER BY `upload_time` DESC [ RunTime:0.000862s ]
---------------------------------------------------------------
[ 2019-03-13T19:09:38+08:00 ] 127.0.0.1 GET inxiang.net/
[运行时间：1.373678s] [吞吐率：0.73req/s] [内存消耗：3,307.72kb] [文件加载：54]
[ info ] [ LANG ] H:\WWW\inx\thinkphp\lang\zh-cn.php
[ info ] [ ROUTE ] array (
  'type' => 'module',
  'module' => 
  array (
    0 => '',
    1 => NULL,
    2 => NULL,
  ),
)
[ info ] [ HEADER ] array (
  'host' => 'inxiang.net',
  'connection' => 'keep-alive',
  'purpose' => 'prefetch',
  'upgrade-insecure-requests' => '1',
  'user-agent' => 'Mozilla/5.0 (Windows NT 10.0; WOW64) AppleWebKit/537.36 (KHTML, like Gecko) Chrome/71.0.3578.98 Safari/537.36',
  'accept' => 'text/html,application/xhtml+xml,application/xml;q=0.9,image/webp,image/apng,*/*;q=0.8',
  'accept-encoding' => 'gzip, deflate',
  'accept-language' => 'zh-CN,zh;q=0.9',
  'cookie' => 'name=rcwei28',
)
[ info ] [ PARAM ] array (
)
[ info ] [ RUN ] app\index\controller\Index->index[ H:\WWW\inx\application\index\controller\Index.php ]
[ info ] [ BEHAVIOR ] Run app\login\behavior\CheckLogin @CheckLogin [ RunTime:0.003732s ]
[ info ] [ DB ] INIT mysql
[ info ] [ VIEW ] H:\WWW\inx\public/../application/index\view\index\index.html [ array (
  0 => 'avatar',
  1 => 'saying',
  2 => 'name',
  3 => 'gallery',
  4 => 'atrAvatar',
) ]
[ info ] [ LOG ] INIT File
[ sql ] [ DB ] CONNECT:[ UseTime:0.053249s ] mysql:host=localhost;dbname=inxiang;charset=UTF8MB4
[ sql ] [ SQL ] SHOW COLUMNS FROM `in_user` [ RunTime:0.076762s ]
[ sql ] [ SQL ] SELECT `avatar` FROM `in_user` WHERE  `nickname` = 'rcwei28' LIMIT 1 [ RunTime:0.026006s ]
[ sql ] [ SQL ] SELECT `saying` FROM `in_user` WHERE  `nickname` = 'rcwei28' LIMIT 1 [ RunTime:0.000559s ]
[ sql ] [ SQL ] SHOW COLUMNS FROM `in_gallery` [ RunTime:0.021874s ]
[ sql ] [ SQL ] SELECT * FROM `in_gallery` ORDER BY `upload_time` DESC [ RunTime:0.006251s ]
