---------------------------------------------------------------
[ 2019-03-23T11:39:58+08:00 ] 127.0.0.1 GET inxiang.net/
[运行时间：2.113258s] [吞吐率：0.47req/s] [内存消耗：3,461.71kb] [文件加载：56]
[ info ] [ LANG ] H:\WWW\inx\thinkphp\lang\zh-cn.php
[ info ] [ ROUTE ] array (
  'type' => 'module',
  'module' => 
  array (
    0 => '',
    1 => NULL,
    2 => NULL,
  ),
)
[ info ] [ HEADER ] array (
  'host' => 'inxiang.net',
  'connection' => 'keep-alive',
  'upgrade-insecure-requests' => '1',
  'user-agent' => 'Mozilla/5.0 (Windows NT 10.0; WOW64) AppleWebKit/537.36 (KHTML, like Gecko) Chrome/71.0.3578.98 Safari/537.36',
  'accept' => 'text/html,application/xhtml+xml,application/xml;q=0.9,image/webp,image/apng,*/*;q=0.8',
  'accept-encoding' => 'gzip, deflate',
  'accept-language' => 'zh-CN,zh;q=0.9',
  'cookie' => 'name=rcwei28',
)
[ info ] [ PARAM ] array (
)
[ info ] [ RUN ] app\index\controller\Index->index[ H:\WWW\inx\application\index\controller\Index.php ]
[ info ] [ BEHAVIOR ] Run app\login\behavior\CheckLogin @CheckLogin [ RunTime:0.001066s ]
[ info ] [ DB ] INIT mysql
[ info ] [ VIEW ] H:\WWW\inx\public/../application/index\view\index\index.html [ array (
  0 => 'user',
  1 => 'work',
  2 => 'author',
) ]
[ info ] [ LOG ] INIT File
[ sql ] [ DB ] CONNECT:[ UseTime:0.443295s ] mysql:host=localhost;dbname=inxiang;charset=UTF8MB4
[ sql ] [ SQL ] SELECT avatar, author FROM in_user, in_gallery WHERE in_gallery.author_id = in_user.id ORDER BY in_gallery.upload_time DESC [ RunTime:0.721943s ]
[ sql ] [ SQL ] SHOW COLUMNS FROM `in_user` [ RunTime:0.213850s ]
[ sql ] [ SQL ] SELECT * FROM `in_user` WHERE  `nickname` = 'rcwei28' LIMIT 1 [ RunTime:0.003667s ]
[ sql ] [ SQL ] SHOW COLUMNS FROM `in_gallery` [ RunTime:0.021360s ]
[ sql ] [ SQL ] SELECT * FROM `in_gallery` ORDER BY `upload_time` DESC [ RunTime:0.000654s ]
ESC [ RunTime:0.000497s ]
---------------------------------------------------------------
[ 2019-03-23T11:40:03+08:00 ] 127.0.0.1 GET inxiang.net/
[运行时间：0.292866s] [吞吐率：3.41req/s] [内存消耗：3,294.87kb] [文件加载：54]
[ info ] [ LANG ] H:\WWW\inx\thinkphp\lang\zh-cn.php
[ info ] [ ROUTE ] array (
  'type' => 'module',
  'module' => 
  array (
    0 => '',
    1 => NULL,
    2 => NULL,
  ),
)
[ info ] [ HEADER ] array (
  'host' => 'inxiang.net',
  'connection' => 'keep-alive',
  'pragma' => 'no-cache',
  'cache-control' => 'no-cache',
  'upgrade-insecure-requests' => '1',
  'user-agent' => 'Mozilla/5.0 (Windows NT 10.0; WOW64) AppleWebKit/537.36 (KHTML, like Gecko) Chrome/71.0.3578.98 Safari/537.36',
  'accept' => 'text/html,application/xhtml+xml,application/xml;q=0.9,image/webp,image/apng,*/*;q=0.8',
  'accept-encoding' => 'gzip, deflate',
  'accept-language' => 'zh-CN,zh;q=0.9',
  'cookie' => 'name=rcwei28',
)
[ info ] [ PARAM ] array (
)
[ info ] [ RUN ] app\index\controller\Index->index[ H:\WWW\inx\application\index\controller\Index.php ]
[ info ] [ BEHAVIOR ] Run app\login\behavior\CheckLogin @CheckLogin [ RunTime:0.001564s ]
[ info ] [ DB ] INIT mysql
[ info ] [ VIEW ] H:\WWW\inx\public/../application/index\view\index\index.html [ array (
  0 => 'user',
  1 => 'work',
  2 => 'author',
) ]
[ info ] [ LOG ] INIT File
[ sql ] [ DB ] CONNECT:[ UseTime:0.010926s ] mysql:host=localhost;dbname=inxiang;charset=UTF8MB4
[ sql ] [ SQL ] SELECT avatar, author FROM in_user, in_gallery WHERE in_gallery.author_id = in_user.id ORDER BY in_gallery.upload_time DESC [ RunTime:0.000622s ]
[ sql ] [ SQL ] SHOW COLUMNS FROM `in_user` [ RunTime:0.050702s ]
[ sql ] [ SQL ] SELECT * FROM `in_user` WHERE  `nickname` = 'rcwei28' LIMIT 1 [ RunTime:0.000653s ]
[ sql ] [ SQL ] SHOW COLUMNS FROM `in_gallery` [ RunTime:0.021025s ]
[ sql ] [ SQL ] SELECT * FROM `in_gallery` ORDER BY `upload_time` DESC [ RunTime:0.000562s ]
---------------------------------------------------------------
[ 2019-03-23T11:43:43+08:00 ] 127.0.0.1 GET inxiang.net/
[运行时间：1.225501s] [吞吐率：0.82req/s] [内存消耗：3,294.71kb] [文件加载：54]
[ info ] [ LANG ] H:\WWW\inx\thinkphp\lang\zh-cn.php
[ info ] [ ROUTE ] array (
  'type' => 'module',
  'module' => 
  array (
    0 => '',
    1 => NULL,
    2 => NULL,
  ),
)
[ info ] [ HEADER ] array (
  'host' => 'inxiang.net',
  'connection' => 'keep-alive',
  'purpose' => 'prefetch',
  'upgrade-insecure-requests' => '1',
  'user-agent' => 'Mozilla/5.0 (Windows NT 10.0; WOW64) AppleWebKit/537.36 (KHTML, like Gecko) Chrome/71.0.3578.98 Safari/537.36',
  'accept' => 'text/html,application/xhtml+xml,application/xml;q=0.9,image/webp,image/apng,*/*;q=0.8',
  'accept-encoding' => 'gzip, deflate',
  'accept-language' => 'zh-CN,zh;q=0.9',
  'cookie' => 'name=rcwei28',
)
[ info ] [ PARAM ] array (
)
[ info ] [ RUN ] app\index\controller\Index->index[ H:\WWW\inx\application\index\controller\Index.php ]
[ info ] [ BEHAVIOR ] Run app\login\behavior\CheckLogin @CheckLogin [ RunTime:0.001727s ]
[ info ] [ DB ] INIT mysql
[ info ] [ VIEW ] H:\WWW\inx\public/../application/index\view\index\index.html [ array (
  0 => 'user',
  1 => 'work',
  2 => 'author',
) ]
[ info ] [ LOG ] INIT File
[ sql ] [ DB ] CONNECT:[ UseTime:0.050803s ] mysql:host=localhost;dbname=inxiang;charset=UTF8MB4
[ sql ] [ SQL ] SELECT avatar, author FROM in_user, in_gallery WHERE in_gallery.author_id = in_user.id ORDER BY in_gallery.upload_time DESC [ RunTime:0.045726s ]
[ sql ] [ SQL ] SHOW COLUMNS FROM `in_user` [ RunTime:0.085290s ]
[ sql ] [ SQL ] SELECT * FROM `in_user` WHERE  `nickname` = 'rcwei28' LIMIT 1 [ RunTime:0.000612s ]
[ sql ] [ SQL ] SHOW COLUMNS FROM `in_gallery` [ RunTime:0.012952s ]
[ sql ] [ SQL ] SELECT * FROM `in_gallery` ORDER BY `upload_time` DESC [ RunTime:0.000551s ]
---------------------------------------------------------------
[ 2019-03-23T11:43:49+08:00 ] 127.0.0.1 GET inxiang.net/user
[运行时间：0.372979s] [吞吐率：2.68req/s] [内存消耗：3,454.48kb] [文件加载：56]
[ info ] [ LANG ] H:\WWW\inx\thinkphp\lang\zh-cn.php
[ info ] [ ROUTE ] array (
  'type' => 'module',
  'module' => 
  array (
    0 => 'user',
    1 => NULL,
    2 => NULL,
  ),
)
[ info ] [ HEADER ] array (
  'host' => 'inxiang.net',
  'connection' => 'keep-alive',
  'upgrade-insecure-requests' => '1',
  'user-agent' => 'Mozilla/5.0 (Windows NT 10.0; WOW64) AppleWebKit/537.36 (KHTML, like Gecko) Chrome/71.0.3578.98 Safari/537.36',
  'accept' => 'text/html,application/xhtml+xml,application/xml;q=0.9,image/webp,image/apng,*/*;q=0.8',
  'referer' => 'http://inxiang.net/',
  'accept-encoding' => 'gzip, deflate',
  'accept-language' => 'zh-CN,zh;q=0.9',
  'cookie' => 'name=rcwei28',
)
[ info ] [ PARAM ] array (
)
[ info ] [ RUN ] app\user\controller\Index->index[ H:\WWW\inx\application\user\controller\Index.php ]
[ info ] [ BEHAVIOR ] Run app\login\behavior\CheckLogin @CheckLogin [ RunTime:0.001735s ]
[ info ] [ DB ] INIT mysql
[ info ] [ VIEW ] H:\WWW\inx\public/../application/user\view\index\user.html [ array (
  0 => 'avatar',
  1 => 'saying',
  2 => 'name',
  3 => 'gallery',
) ]
[ info ] [ LOG ] INIT File
[ sql ] [ DB ] CONNECT:[ UseTime:0.002388s ] mysql:host=localhost;dbname=inxiang;charset=UTF8MB4
[ sql ] [ SQL ] SHOW COLUMNS FROM `in_user` [ RunTime:0.013527s ]
[ sql ] [ SQL ] SELECT `avatar` FROM `in_user` WHERE  `nickname` = 'rcwei28' LIMIT 1 [ RunTime:0.000633s ]
[ sql ] [ SQL ] SELECT `saying` FROM `in_user` WHERE  `nickname` = 'rcwei28' LIMIT 1 [ RunTime:0.000443s ]
[ sql ] [ SQL ] SHOW COLUMNS FROM `in_gallery` [ RunTime:0.010391s ]
[ sql ] [ SQL ] SELECT * FROM `in_gallery` WHERE  `author` = 'rcwei28' ORDER BY `upload_time` DESC [ RunTime:0.000683s ]
---------------------------------------------------------------
[ 2019-03-23T11:43:52+08:00 ] 127.0.0.1 GET inxiang.net/user/follow
[运行时间：0.122962s] [吞吐率：8.13req/s] [内存消耗：2,053.16kb] [文件加载：44]
[ info ] [ LANG ] H:\WWW\inx\thinkphp\lang\zh-cn.php
[ info ] [ ROUTE ] array (
  'type' => 'module',
  'module' => 
  array (
    0 => 'user',
    1 => 'follow',
    2 => NULL,
  ),
)
[ info ] [ HEADER ] array (
  'host' => 'inxiang.net',
  'connection' => 'keep-alive',
  'upgrade-insecure-requests' => '1',
  'user-agent' => 'Mozilla/5.0 (Windows NT 10.0; WOW64) AppleWebKit/537.36 (KHTML, like Gecko) Chrome/71.0.3578.98 Safari/537.36',
  'accept' => 'text/html,application/xhtml+xml,application/xml;q=0.9,image/webp,image/apng,*/*;q=0.8',
  'referer' => 'http://inxiang.net/user',
  'accept-encoding' => 'gzip, deflate',
  'accept-language' => 'zh-CN,zh;q=0.9',
  'cookie' => 'name=rcwei28',
)
[ info ] [ PARAM ] array (
)
[ info ] [ RUN ] app\user\controller\Follow->Index[ H:\WWW\inx\application\user\controller\Follow.php ]
[ info ] [ VIEW ] H:\WWW\inx\public/../application/user\view\follow\follow.html [ array (
) ]
[ info ] [ LOG ] INIT File
